This is pdfTeX, Version 3.141592653-2.6-1.40.22 (TeX Live 2021) (preloaded format=pdflatex 2021.8.30)  3 APR 2023 19:08
entering extended mode
 restricted \write18 enabled.
 %&-line parsing enabled.
**\input ./openout.tex
 (./openout.tex
\ourwrite=\write3
\openout3 = `dum.dum'.


! Undefined control sequence.
l.3 \bye
        
? 
! Emergency stop.
l.3 \bye
        
End of file on the terminal!

 
Here is how much of TeX's memory you used:
 18 strings out of 478994
 393 string characters out of 5858184
 283044 words of memory out of 5000000
 17603 multiletter control sequences out of 15000+600000
 403430 words of font info for 27 fonts, out of 8000000 for 9000
 1141 hyphenation exceptions out of 8191
 12i,0n,15p,58b,10s stack positions out of 5000i,500n,10000p,200000b,80000s
!  ==> Fatal error occurred, no output PDF file produced!
